Unknown:
C:\Users\Manuel\Documents\ME2\Diseño Real\V2\Simulaciones\ANTENNA\Result\farfield (f=1)2D_1.ffp
C:\Users\Manuel\Documents\ME2\Diseño Real\V2\Simulaciones\ANTENNA\Result\farfield (f=1)_1.fme
C:\Users\Manuel\Documents\ME2\Diseño Real\V2\Simulaciones\ANTENNA\Result\farfield (f=10)_1.fme
C:\Users\Manuel\Documents\ME2\Diseño Real\V2\Simulaciones\ANTENNA\Result\farfield (f=11)_1.fme
C:\Users\Manuel\Documents\ME2\Diseño Real\V2\Simulaciones\ANTENNA\Result\farfield (f=12)_1.fme
C:\Users\Manuel\Documents\ME2\Diseño Real\V2\Simulaciones\ANTENNA\Result\farfield (f=13)2D_1.ffp
C:\Users\Manuel\Documents\ME2\Diseño Real\V2\Simulaciones\ANTENNA\Result\farfield (f=13)_1.fme
C:\Users\Manuel\Documents\ME2\Diseño Real\V2\Simulaciones\ANTENNA\Result\farfield (f=14)2D_1.ffp
C:\Users\Manuel\Documents\ME2\Diseño Real\V2\Simulaciones\ANTENNA\Result\farfield (f=14)_1.fme
C:\Users\Manuel\Documents\ME2\Diseño Real\V2\Simulaciones\ANTENNA\Result\farfield (f=15)_1.fme
C:\Users\Manuel\Documents\ME2\Diseño Real\V2\Simulaciones\ANTENNA\Result\farfield (f=16)2D_1.ffp
C:\Users\Manuel\Documents\ME2\Diseño Real\V2\Simulaciones\ANTENNA\Result\farfield (f=16)_1.fme
C:\Users\Manuel\Documents\ME2\Diseño Real\V2\Simulaciones\ANTENNA\Result\farfield (f=17)2D_1.ffp
C:\Users\Manuel\Documents\ME2\Diseño Real\V2\Simulaciones\ANTENNA\Result\farfield (f=17)_1.fme
C:\Users\Manuel\Documents\ME2\Diseño Real\V2\Simulaciones\ANTENNA\Result\farfield (f=18)_1.fme
C:\Users\Manuel\Documents\ME2\Diseño Real\V2\Simulaciones\ANTENNA\Result\farfield (f=2)_1.fme
C:\Users\Manuel\Documents\ME2\Diseño Real\V2\Simulaciones\ANTENNA\Result\farfield (f=2.4)_1.fme
C:\Users\Manuel\Documents\ME2\Diseño Real\V2\Simulaciones\ANTENNA\Result\farfield (f=3)_1.fme
C:\Users\Manuel\Documents\ME2\Diseño Real\V2\Simulaciones\ANTENNA\Result\farfield (f=4)_1.fme
C:\Users\Manuel\Documents\ME2\Diseño Real\V2\Simulaciones\ANTENNA\Result\farfield (f=5)_1.fme
C:\Users\Manuel\Documents\ME2\Diseño Real\V2\Simulaciones\ANTENNA\Result\farfield (f=6)_1.fme
C:\Users\Manuel\Documents\ME2\Diseño Real\V2\Simulaciones\ANTENNA\Result\farfield (f=7)_1.fme
C:\Users\Manuel\Documents\ME2\Diseño Real\V2\Simulaciones\ANTENNA\Result\farfield (f=8)_1.fme
C:\Users\Manuel\Documents\ME2\Diseño Real\V2\Simulaciones\ANTENNA\Result\farfield (f=9)_1.fme
C:\Users\Manuel\Documents\ME2\Diseño Real\V2\Simulaciones\ANTENNA\Result\MCalc-Facets-1xN.log
C:\Users\Manuel\Documents\ME2\Diseño Real\V2\Simulaciones\ANTENNA\Result\MCalc-Facets-PP.log
C:\Users\Manuel\Documents\ME2\Diseño Real\V2\Simulaciones\ANTENNA\Result\MCalc.ddi
C:\Users\Manuel\Documents\ME2\Diseño Real\V2\Simulaciones\ANTENNA\Result\MCalc.log
C:\Users\Manuel\Documents\ME2\Diseño Real\V2\Simulaciones\ANTENNA\Result\Model.axg
C:\Users\Manuel\Documents\ME2\Diseño Real\V2\Simulaciones\ANTENNA\Result\Model.coco
C:\Users\Manuel\Documents\ME2\Diseño Real\V2\Simulaciones\ANTENNA\Result\Model.ddi
C:\Users\Manuel\Documents\ME2\Diseño Real\V2\Simulaciones\ANTENNA\Result\Model.elg
C:\Users\Manuel\Documents\ME2\Diseño Real\V2\Simulaciones\ANTENNA\Result\Model.inf
C:\Users\Manuel\Documents\ME2\Diseño Real\V2\Simulaciones\ANTENNA\Result\Model.log
C:\Users\Manuel\Documents\ME2\Diseño Real\V2\Simulaciones\ANTENNA\Result\Model.sa
C:\Users\Manuel\Documents\ME2\Diseño Real\V2\Simulaciones\ANTENNA\Result\m^fifx.dsc
C:\Users\Manuel\Documents\ME2\Diseño Real\V2\Simulaciones\ANTENNA\Result\m^fqq.dsc
C:\Users\Manuel\Documents\ME2\Diseño Real\V2\Simulaciones\ANTENNA\Result\m^ppex.dsc
C:\Users\Manuel\Documents\ME2\Diseño Real\V2\Simulaciones\ANTENNA\Result\m^wgp.dsc
C:\Users\Manuel\Documents\ME2\Diseño Real\V2\Simulaciones\ANTENNA\Result\Port1_e1_pmm_9.5.tfo
C:\Users\Manuel\Documents\ME2\Diseño Real\V2\Simulaciones\ANTENNA\Result\Port1_h1_pmm_9.5.tfo
C:\Users\Manuel\Documents\ME2\Diseño Real\V2\Simulaciones\ANTENNA\Result\p^a.dsc
C:\Users\Manuel\Documents\ME2\Diseño Real\V2\Simulaciones\ANTENNA\Result\P^m^fbqq.slog
C:\Users\Manuel\Documents\ME2\Diseño Real\V2\Simulaciones\ANTENNA\Result\P^m^fqq.slog
C:\Users\Manuel\Documents\ME2\Diseño Real\V2\Simulaciones\ANTENNA\Result\P^p^m.slog
C:\Users\Manuel\Documents\ME2\Diseño Real\V2\Simulaciones\ANTENNA\Result\P^s^pm.slog
Mesh:
C:\Users\Manuel\Documents\ME2\Diseño Real\V2\Simulaciones\ANTENNA\Result\dA.mat
C:\Users\Manuel\Documents\ME2\Diseño Real\V2\Simulaciones\ANTENNA\Result\dad.mat
C:\Users\Manuel\Documents\ME2\Diseño Real\V2\Simulaciones\ANTENNA\Result\ds.mat
C:\Users\Manuel\Documents\ME2\Diseño Real\V2\Simulaciones\ANTENNA\Result\dsd.mat
C:\Users\Manuel\Documents\ME2\Diseño Real\V2\Simulaciones\ANTENNA\Result\dsMCalc.mat
C:\Users\Manuel\Documents\ME2\Diseño Real\V2\Simulaciones\ANTENNA\Result\Eps.mat
C:\Users\Manuel\Documents\ME2\Diseño Real\V2\Simulaciones\ANTENNA\Result\HexMatrix.m2h
C:\Users\Manuel\Documents\ME2\Diseño Real\V2\Simulaciones\ANTENNA\Result\HexMatrix^f^d^1.m2h
C:\Users\Manuel\Documents\ME2\Diseño Real\V2\Simulaciones\ANTENNA\Result\HexMatrix^f^n^1.m2h
C:\Users\Manuel\Documents\ME2\Diseño Real\V2\Simulaciones\ANTENNA\Result\HexMatrix_MCalc.m2h
C:\Users\Manuel\Documents\ME2\Diseño Real\V2\Simulaciones\ANTENNA\Result\MCalc.fmp
C:\Users\Manuel\Documents\ME2\Diseño Real\V2\Simulaciones\ANTENNA\Result\MCalc.xcfd
C:\Users\Manuel\Documents\ME2\Diseño Real\V2\Simulaciones\ANTENNA\Result\Meta.m2h
C:\Users\Manuel\Documents\ME2\Diseño Real\V2\Simulaciones\ANTENNA\Result\Model.fmf
C:\Users\Manuel\Documents\ME2\Diseño Real\V2\Simulaciones\ANTENNA\Result\Model.fmm
C:\Users\Manuel\Documents\ME2\Diseño Real\V2\Simulaciones\ANTENNA\Result\Model.fpc
C:\Users\Manuel\Documents\ME2\Diseño Real\V2\Simulaciones\ANTENNA\Result\Model.fsi
C:\Users\Manuel\Documents\ME2\Diseño Real\V2\Simulaciones\ANTENNA\Result\Model.fwf
C:\Users\Manuel\Documents\ME2\Diseño Real\V2\Simulaciones\ANTENNA\Result\Model.mss
C:\Users\Manuel\Documents\ME2\Diseño Real\V2\Simulaciones\ANTENNA\Result\Model.sic
C:\Users\Manuel\Documents\ME2\Diseño Real\V2\Simulaciones\ANTENNA\Result\Model.spi
C:\Users\Manuel\Documents\ME2\Diseño Real\V2\Simulaciones\ANTENNA\Result\Model.xcfd
C:\Users\Manuel\Documents\ME2\Diseño Real\V2\Simulaciones\ANTENNA\Result\Model^PEC.fpf
C:\Users\Manuel\Documents\ME2\Diseño Real\V2\Simulaciones\ANTENNA\Result\Mue.mat
C:\Users\Manuel\Documents\ME2\Diseño Real\V2\Simulaciones\ANTENNA\Result\m^fqq.mem
C:\Users\Manuel\Documents\ME2\Diseño Real\V2\Simulaciones\ANTENNA\Result\p1.spi
C:\Users\Manuel\Documents\ME2\Diseño Real\V2\Simulaciones\ANTENNA\Result\PEC.mat
C:\Users\Manuel\Documents\ME2\Diseño Real\V2\Simulaciones\ANTENNA\Result\Port1.wgi
C:\Users\Manuel\Documents\ME2\Diseño Real\V2\Simulaciones\ANTENNA\Result\PP.fsi
C:\Users\Manuel\Documents\ME2\Diseño Real\V2\Simulaciones\ANTENNA\Result\p^a.mem
C:\Users\Manuel\Documents\ME2\Diseño Real\V2\Simulaciones\ANTENNA\Result\p^m.mem
C:\Users\Manuel\Documents\ME2\Diseño Real\V2\Simulaciones\ANTENNA\Result\Rho.mat
C:\Users\Manuel\Documents\ME2\Diseño Real\V2\Simulaciones\ANTENNA\Result\S2HMatrix.m2h
C:\Users\Manuel\Documents\ME2\Diseño Real\V2\Simulaciones\ANTENNA\Result\s^pm.mem
Port:
C:\Users\Manuel\Documents\ME2\Diseño Real\V2\Simulaciones\ANTENNA\Result\Model.pmi
C:\Users\Manuel\Documents\ME2\Diseño Real\V2\Simulaciones\ANTENNA\Result\Port1_1[9.5].m2d
C:\Users\Manuel\Documents\ME2\Diseño Real\V2\Simulaciones\ANTENNA\Result\Port1_drv.m2d
C:\Users\Manuel\Documents\ME2\Diseño Real\V2\Simulaciones\ANTENNA\Result\Port1_e1.prt
C:\Users\Manuel\Documents\ME2\Diseño Real\V2\Simulaciones\ANTENNA\Result\Port1_e1[9.5].prt
C:\Users\Manuel\Documents\ME2\Diseño Real\V2\Simulaciones\ANTENNA\Result\Port1_h1.prt
C:\Users\Manuel\Documents\ME2\Diseño Real\V2\Simulaciones\ANTENNA\Result\Port1_h1[9.5].prt
