Defined reference frequency for open boundary condition (9.5 GHz) is larger
than the lowest relevant system frequency (monitor at 8 GHz).
Please check open boundary settings to ensure accurate monitor results for the
lowest frequency of interest.

--------------------------------------------------------------------------------
Build version: 2018.0 Release from 2017-10-26 (change 556462)

Starting adaptive port meshing.

--------------------------------------------------------------------------------
Mode calculation for port 1:

--------------------------------------------------------------------------------


--------------------------------------------------------------------------------


--------------------------------------------------------------------------------
Using generalized port mode solver.

--------------------------------------------------------------------------------
  -------------------------------- F-Calc 9.5 --------------------------------
  Port   Mode   Type        Z-Wave        Z-Wave-Sigma  Z-Line        F-Cutoff
  1      1      TEM         260           8.05e-006     50.5          0.0
  ----------------------------------------------------------------------------

Pass 1 successfully completed. 


--------------------------------------------------------------------------------


--------------------------------------------------------------------------------
  -------------------------------- F-Calc 9.5 --------------------------------
  Port   Mode   Type        Z-Wave        Z-Wave-Sigma  Z-Line        F-Cutoff
  1      1      TEM         260           0.00016       48.9          0.0
  ----------------------------------------------------------------------------

Pass 2 successfully completed. Delta (Line Imp.): 3.13%


--------------------------------------------------------------------------------


--------------------------------------------------------------------------------
  -------------------------------- F-Calc 9.5 --------------------------------
  Port   Mode   Type        Z-Wave        Z-Wave-Sigma  Z-Line        F-Cutoff
  1      1      TEM         260           8.43e-006     49            0.0
  ----------------------------------------------------------------------------

Pass 3 successfully completed. Delta (Line Imp.): 0.11%


--------------------------------------------------------------------------------


--------------------------------------------------------------------------------
  -------------------------------- F-Calc 9.5 --------------------------------
  Port   Mode   Type        Z-Wave        Z-Wave-Sigma  Z-Line        F-Cutoff
  1      1      TEM         260           0.00482       49            0.0
  ----------------------------------------------------------------------------

Pass 4 successfully completed. Delta (Line Imp.): 0.08%
Adaptive port meshing finished. 

--------------------------------------------------------------------------------

Solver started at: 04:05 AM Monday, 17. June 2019

  Module:  Time Domain: S-Parameter (Win 64)
  Version: 2018.0 Release from 2017-10-26 (change 556462)



--------------------------------------------------------------------------------


--------------------------------------------------------------------------------
======================================================================
 Solver cycle: 1
======================================================================

Stimulation at port 1 (mode 1) 



--------------------------------------------------------------------------------
Units settings: 

  Dimensions: mm
  Frequency:  GHz
  Time:       ns

--------------------------------------------------------------------------------
Mesh statistics:

   Hexahedral mesh type: PBA [accuracy enhancement is enabled]

   Parallelization type: domain decomposition
      Number of parallel working threads: 2
      Number of calculation domains used: 4

   Used point accuracy enhancement value: 75.00%.
   2019 Jun 17: 03:14:25: current system memory usage reached 60%
   2019 Jun 17: 03:14:30: current system memory usage reached 60%
   2019 Jun 17: 03:14:34: current system memory usage reached 60%
   2019 Jun 17: 03:14:38: current system memory usage reached 60%
   PBA fill limit: 88.17% (inverse)
   2019 Jun 17: 03:21:26: current system memory usage reached 60%
   2019 Jun 17: 03:22:37: current system memory usage reached 65%
   PBA fill limit: 86.68% (inverse)
   2019 Jun 17: 03:23:23: current system memory usage reached 65%
   2019 Jun 17: 03:30:16: current system memory usage reached 65%
   PBA fill limit: 85.56% (inverse)
   2019 Jun 17: 03:31:11: current system memory usage reached 65%
   2019 Jun 17: 03:31:08: current system memory usage reached 65%
   2019 Jun 17: 03:30:28: current system memory usage reached 65%
   2019 Jun 17: 03:37:20: current system memory usage reached 65%
   2019 Jun 17: 03:38:16: current system memory usage reached 65%
   2019 Jun 17: 03:37:21: current system memory usage reached 65%
   2019 Jun 17: 03:38:17: current system memory usage reached 65%
   2019 Jun 17: 03:43:56: current system memory usage reached 65%
   2019 Jun 17: 03:43:57: current system memory usage reached 65%
   2019 Jun 17: 03:55:34: current system memory usage reached 60%
   PBA fill limit: 85.00% (inverse)
   2019 Jun 17: 03:57:07: current system memory usage reached 60%
   2019 Jun 17: 03:55:33: current system memory usage reached 60%
   2019 Jun 17: 03:57:08: current system memory usage reached 60%
   2019 Jun 17: 04:05:54: current system memory usage reached 65%
   2019 Jun 17: 04:07:21: current system memory usage reached 70%
   2019 Jun 17: 04:08:29: current system memory usage reached 65%
   2019 Jun 17: 04:10:31: current system memory usage reached 70%
   2019 Jun 17: 04:07:20: current system memory usage reached 70%
   2019 Jun 17: 04:08:27: current system memory usage reached 65%
   2019 Jun 17: 04:09:48: current system memory usage reached 70%



--------------------------------------------------------------------------------
Using generalized port mode solver.

--------------------------------------------------------------------------------
Boundary conditions: 

  YZsymmetry: none
  XZsymmetry: none
  XYsymmetry: none

  Xmin: expanded open, 4 Layer, depth 4.87796 mm
  Xmax: expanded open, 4 Layer, depth 4.87796 mm

  Ymin: expanded open, 4 Layer, depth 5.48463 mm
  Ymax: expanded open, 4 Layer, depth 5.48463 mm

  Zmin: expanded open, 4 Layer, depth 4.88562 mm
  Zmax: expanded open, 4 Layer, depth 4.88562 mm

  PML-Type: Convolution PML

--------------------------------------------------------------------------------
Frequency settings: 

  Fmin:         1
  Fmax:         18
  Nfsteps(lin): 1001

--------------------------------------------------------------------------------
Waveguide boundaries:

Port: 1

  -------------------------------- F-Calc 9.5 --------------------------------
  Port   Mode   Type        Z-Wave        Z-Wave-Sigma  Z-Line        F-Cutoff
  1      1      TEM         260           0.0387        49            0.0
  ----------------------------------------------------------------------------

Field update statistics:

  Number of components in total: 	20656153
  Number of TST elements:		314

Subcycling state:      Automatically deactivated

--------------------------------------------------------------------------------


--------------------------------------------------------------------------------

--------------------------------------------------------------------------------
Steady state energy criterion met, solver finished successfully.

--------------------------------------------------------------------------------
Frequency domain results normalized to default signal.


--------------------------------------------------------------------------------

  ----------------------------------------------------------------------------
                      Peak memory used (kB)         Free physical memory (kB) 
                                                    At begin     Minimum      
  ----------------------------------------------------------------------------
  Matrices calc.      662250                        2429196      1884060      
  Solver run total    512180                        2492188      1885860      
  ----------------------------------------------------------------------------

--------------------------------------------------------------------------------
Solver Statistics:

  Hardware:
     Computer name:                 	Manuel-W 

     Number of CPU threads:             2
     Hardware info:                  	Hardware Accelerator Device not activated

  Number of mesh cells:             	3408048
  Excitation duration:              	4.18182206e-001 ns 
  Calculation time for excitation:  	71 	s
  Number of calculated pulse widths:	5.68956 
  Steady state accuracy limit:      	-40	dB 
  Simulated number of time steps:   	5375 
  Maximum number of time steps:     	18894 
  Time step width:
     without subcycles:             	4.42655161e-004 ns
     used:                          	4.42655161e-004 ns

  Matrix calculation time:          	334 	s
  Solver setup time:                	23 	s
  Solver loop time:                 	404 	s
  Solver post processing time:      	3 	s
                                    	------------
  Total solver time:                	764 	s  ( = 0 h, 12 m, 44 s )

--------------------------------------------------------------------------------

  Adaptive port meshing time:       	28     	s
  Total solver time (all cycles):   	764    	s  ( = 0 h, 12 m, 44 s )
                                    	------------
  Total simulation time:            	792    	s  ( = 0 h, 13 m, 12 s )

--------------------------------------------------------------------------------
Solver finished at: 04:18 AM Monday, 17. June 2019



--------------------------------------------------------------------------------
Creating parametric 1D results for Run ID 1

--------------------------------------------------------------------------------
