Port monitor named: Port1_h1[9.5].prt

nx        = 197
ny        = 127
nz        = 139

nu        = 11
nv        = 11
iu        = 43
iv        = 59

idir      = 2
dcut      = -6.295465e-002
icut      = 44
type      = 1
frequency = 9.500000e+009

fcutoff   = 0.000000e+000
alpha     = 0.000000e+000
beta      = 2.885149e+002
accuracy  = 1.479266e-011

type          = TEM
wave imp.     = 2.599861e+002
wave imp.sig. = 3.871158e-002
line imp.     = 4.895256e+001

ref. port     = 0

0.000000e+000  0.000000e+000  0.000000e+000  9.494895e+000  1.095200e+001  1.261087e+001  1.095208e+001  9.490384e+000  0.000000e+000  0.000000e+000  0.000000e+000  
0.000000e+000  0.000000e+000  8.142009e+000  1.055632e+001  1.334103e+001  1.736983e+001  1.334107e+001  1.055525e+001  8.140225e+000  0.000000e+000  0.000000e+000  
0.000000e+000  5.002889e+000  7.512698e+000  1.109030e+001  1.638093e+001  2.700310e+001  1.638099e+001  1.108892e+001  7.511226e+000  5.002922e+000  0.000000e+000  
0.000000e+000  3.820771e+000  5.910889e+000  9.550654e+000  1.754190e+001  0.000000e+000  1.754166e+001  9.549009e+000  5.909321e+000  3.820309e+000  0.000000e+000  
0.000000e+000  2.279823e+000  3.828103e+000  6.992206e+000  1.399670e+001  0.000000e+000  1.399659e+001  6.990606e+000  3.826635e+000  2.279191e+000  0.000000e+000  
0.000000e+000  -3.488908e-001  -4.474321e-001  -6.893294e-001  0.000000e+000  0.000000e+000  0.000000e+000  -6.892911e-001  -4.474716e-001  -3.492232e-001  0.000000e+000  
0.000000e+000  -2.783376e+000  -4.694423e+000  -8.555072e+000  -1.723252e+001  0.000000e+000  -1.723237e+001  -8.553237e+000  -4.693018e+000  -2.783497e+000  0.000000e+000  
0.000000e+000  -3.979948e+000  -6.293447e+000  -9.995194e+000  -1.667839e+001  -3.762583e+001  -1.667831e+001  -9.993464e+000  -6.291946e+000  -3.983102e+000  0.000000e+000  
0.000000e+000  -5.233221e+000  -7.908804e+000  -1.104218e+001  -1.506018e+001  -2.247914e+001  -1.506016e+001  -1.104065e+001  -7.906684e+000  -5.232851e+000  0.000000e+000  
0.000000e+000  0.000000e+000  -7.936725e+000  -9.624667e+000  -1.156619e+001  -1.338545e+001  -1.156638e+001  -9.622570e+000  -7.920945e+000  0.000000e+000  0.000000e+000  
0.000000e+000  0.000000e+000  0.000000e+000  0.000000e+000  0.000000e+000  0.000000e+000  0.000000e+000  0.000000e+000  0.000000e+000  0.000000e+000  0.000000e+000  

0.000000e+000  0.000000e+000  0.000000e+000  0.000000e+000  0.000000e+000  0.000000e+000  0.000000e+000  0.000000e+000  0.000000e+000  0.000000e+000  0.000000e+000  
0.000000e+000  0.000000e+000  -6.252283e+000  -5.472602e+000  -3.059352e+000  3.059309e+000  5.472841e+000  6.255339e+000  0.000000e+000  0.000000e+000  0.000000e+000  
0.000000e+000  -9.183822e+000  -9.655805e+000  -9.263571e+000  -6.192852e+000  6.192777e+000  9.263919e+000  9.656069e+000  9.184320e+000  0.000000e+000  0.000000e+000  
-1.091357e+001  -1.246557e+001  -1.452617e+001  -1.646601e+001  -1.445452e+001  1.445440e+001  1.646565e+001  1.452476e+001  1.246405e+001  1.091194e+001  0.000000e+000  
-1.108414e+001  -1.291893e+001  -1.534885e+001  -1.827226e+001  -2.384292e+001  2.384275e+001  1.827156e+001  1.534713e+001  1.291732e+001  1.108298e+001  0.000000e+000  
-1.205369e+001  -1.518367e+001  -2.017180e+001  -2.894908e+001  0.000000e+000  0.000000e+000  2.894674e+001  2.016810e+001  1.518163e+001  1.205312e+001  0.000000e+000  
-1.226357e+001  -1.516228e+001  -2.011711e+001  -2.910488e+001  0.000000e+000  0.000000e+000  2.910247e+001  2.011345e+001  1.516030e+001  1.226286e+001  0.000000e+000  
-1.094195e+001  -1.236670e+001  -1.423224e+001  -1.587783e+001  -1.500717e+001  1.500704e+001  1.587771e+001  1.423140e+001  1.236597e+001  1.093811e+001  0.000000e+000  
-1.065285e+001  -1.186486e+001  -1.339551e+001  -1.436722e+001  -1.230209e+001  1.230195e+001  1.436728e+001  1.339503e+001  1.186496e+001  1.065679e+001  0.000000e+000  
0.000000e+000  -7.336147e+000  -7.350862e+000  -6.616266e+000  -4.125643e+000  4.125482e+000  6.616287e+000  7.351441e+000  7.343958e+000  0.000000e+000  0.000000e+000  
0.000000e+000  0.000000e+000  0.000000e+000  0.000000e+000  0.000000e+000  0.000000e+000  0.000000e+000  0.000000e+000  0.000000e+000  0.000000e+000  0.000000e+000  

0.000000e+000  0.000000e+000  0.000000e+000  0.000000e+000  0.000000e+000  0.000000e+000  0.000000e+000  0.000000e+000  0.000000e+000  0.000000e+000  0.000000e+000  
0.000000e+000  0.000000e+000  0.000000e+000  0.000000e+000  0.000000e+000  0.000000e+000  0.000000e+000  0.000000e+000  0.000000e+000  0.000000e+000  0.000000e+000  
0.000000e+000  0.000000e+000  0.000000e+000  0.000000e+000  0.000000e+000  0.000000e+000  0.000000e+000  0.000000e+000  0.000000e+000  0.000000e+000  0.000000e+000  
0.000000e+000  0.000000e+000  0.000000e+000  0.000000e+000  0.000000e+000  0.000000e+000  0.000000e+000  0.000000e+000  0.000000e+000  0.000000e+000  0.000000e+000  
0.000000e+000  0.000000e+000  0.000000e+000  0.000000e+000  0.000000e+000  0.000000e+000  0.000000e+000  0.000000e+000  0.000000e+000  0.000000e+000  0.000000e+000  
0.000000e+000  0.000000e+000  0.000000e+000  0.000000e+000  0.000000e+000  0.000000e+000  0.000000e+000  0.000000e+000  0.000000e+000  0.000000e+000  0.000000e+000  
0.000000e+000  0.000000e+000  0.000000e+000  0.000000e+000  0.000000e+000  0.000000e+000  0.000000e+000  0.000000e+000  0.000000e+000  0.000000e+000  0.000000e+000  
0.000000e+000  0.000000e+000  0.000000e+000  0.000000e+000  0.000000e+000  0.000000e+000  0.000000e+000  0.000000e+000  0.000000e+000  0.000000e+000  0.000000e+000  
0.000000e+000  0.000000e+000  0.000000e+000  0.000000e+000  0.000000e+000  0.000000e+000  0.000000e+000  0.000000e+000  0.000000e+000  0.000000e+000  0.000000e+000  
0.000000e+000  0.000000e+000  0.000000e+000  0.000000e+000  0.000000e+000  0.000000e+000  0.000000e+000  0.000000e+000  0.000000e+000  0.000000e+000  0.000000e+000  
0.000000e+000  0.000000e+000  0.000000e+000  0.000000e+000  0.000000e+000  0.000000e+000  0.000000e+000  0.000000e+000  0.000000e+000  0.000000e+000  0.000000e+000  

0.000000e+000  0.000000e+000  0.000000e+000  0.000000e+000  0.000000e+000  0.000000e+000  0.000000e+000  0.000000e+000  0.000000e+000  0.000000e+000  0.000000e+000  
0.000000e+000  0.000000e+000  0.000000e+000  0.000000e+000  0.000000e+000  0.000000e+000  0.000000e+000  0.000000e+000  0.000000e+000  0.000000e+000  0.000000e+000  
0.000000e+000  0.000000e+000  0.000000e+000  0.000000e+000  0.000000e+000  0.000000e+000  0.000000e+000  0.000000e+000  0.000000e+000  0.000000e+000  0.000000e+000  
0.000000e+000  0.000000e+000  0.000000e+000  0.000000e+000  0.000000e+000  0.000000e+000  0.000000e+000  0.000000e+000  0.000000e+000  0.000000e+000  0.000000e+000  
0.000000e+000  0.000000e+000  0.000000e+000  0.000000e+000  0.000000e+000  0.000000e+000  0.000000e+000  0.000000e+000  0.000000e+000  0.000000e+000  0.000000e+000  
0.000000e+000  0.000000e+000  0.000000e+000  0.000000e+000  0.000000e+000  0.000000e+000  0.000000e+000  0.000000e+000  0.000000e+000  0.000000e+000  0.000000e+000  
0.000000e+000  0.000000e+000  0.000000e+000  0.000000e+000  0.000000e+000  0.000000e+000  0.000000e+000  0.000000e+000  0.000000e+000  0.000000e+000  0.000000e+000  
0.000000e+000  0.000000e+000  0.000000e+000  0.000000e+000  0.000000e+000  0.000000e+000  0.000000e+000  0.000000e+000  0.000000e+000  0.000000e+000  0.000000e+000  
0.000000e+000  0.000000e+000  0.000000e+000  0.000000e+000  0.000000e+000  0.000000e+000  0.000000e+000  0.000000e+000  0.000000e+000  0.000000e+000  0.000000e+000  
0.000000e+000  0.000000e+000  0.000000e+000  0.000000e+000  0.000000e+000  0.000000e+000  0.000000e+000  0.000000e+000  0.000000e+000  0.000000e+000  0.000000e+000  
0.000000e+000  0.000000e+000  0.000000e+000  0.000000e+000  0.000000e+000  0.000000e+000  0.000000e+000  0.000000e+000  0.000000e+000  0.000000e+000  0.000000e+000  

0.000000e+000  0.000000e+000  0.000000e+000  0.000000e+000  0.000000e+000  0.000000e+000  0.000000e+000  0.000000e+000  0.000000e+000  0.000000e+000  0.000000e+000  
0.000000e+000  0.000000e+000  0.000000e+000  0.000000e+000  0.000000e+000  0.000000e+000  0.000000e+000  0.000000e+000  0.000000e+000  0.000000e+000  0.000000e+000  
0.000000e+000  0.000000e+000  0.000000e+000  0.000000e+000  0.000000e+000  0.000000e+000  0.000000e+000  0.000000e+000  0.000000e+000  0.000000e+000  0.000000e+000  
0.000000e+000  0.000000e+000  0.000000e+000  0.000000e+000  0.000000e+000  0.000000e+000  0.000000e+000  0.000000e+000  0.000000e+000  0.000000e+000  0.000000e+000  
0.000000e+000  0.000000e+000  0.000000e+000  0.000000e+000  0.000000e+000  0.000000e+000  0.000000e+000  0.000000e+000  0.000000e+000  0.000000e+000  0.000000e+000  
0.000000e+000  0.000000e+000  0.000000e+000  0.000000e+000  0.000000e+000  0.000000e+000  0.000000e+000  0.000000e+000  0.000000e+000  0.000000e+000  0.000000e+000  
0.000000e+000  0.000000e+000  0.000000e+000  0.000000e+000  0.000000e+000  0.000000e+000  0.000000e+000  0.000000e+000  0.000000e+000  0.000000e+000  0.000000e+000  
0.000000e+000  0.000000e+000  0.000000e+000  0.000000e+000  0.000000e+000  0.000000e+000  0.000000e+000  0.000000e+000  0.000000e+000  0.000000e+000  0.000000e+000  
0.000000e+000  0.000000e+000  0.000000e+000  0.000000e+000  0.000000e+000  0.000000e+000  0.000000e+000  0.000000e+000  0.000000e+000  0.000000e+000  0.000000e+000  
0.000000e+000  0.000000e+000  0.000000e+000  0.000000e+000  0.000000e+000  0.000000e+000  0.000000e+000  0.000000e+000  0.000000e+000  0.000000e+000  0.000000e+000  
0.000000e+000  0.000000e+000  0.000000e+000  0.000000e+000  0.000000e+000  0.000000e+000  0.000000e+000  0.000000e+000  0.000000e+000  0.000000e+000  0.000000e+000  

0.000000e+000  0.000000e+000  1.943120e-004  1.399209e-004  5.500245e-005  -6.751207e-005  -1.524433e-004  -2.068356e-004  0.000000e+000  0.000000e+000  0.000000e+000  
0.000000e+000  2.928675e-004  2.430264e-004  1.813240e-004  7.761613e-005  -9.014585e-005  -1.939067e-004  -2.556529e-004  -3.057066e-004  0.000000e+000  0.000000e+000  
4.022616e-004  3.678635e-004  3.169802e-004  2.481041e-004  1.218546e-004  -1.343166e-004  -2.606637e-004  -3.297633e-004  -3.809870e-004  -4.155617e-004  0.000000e+000  
4.593588e-004  4.291264e-004  3.806090e-004  3.117681e-004  1.812382e-004  -1.935849e-004  -3.240532e-004  -3.934674e-004  -4.425658e-004  -4.730958e-004  0.000000e+000  
5.244877e-004  5.002050e-004  4.549401e-004  3.870852e-004  2.883316e-004  -3.004520e-004  -3.989751e-004  -4.679177e-004  -5.140255e-004  -5.387002e-004  0.000000e+000  
6.070867e-004  5.981884e-004  5.606872e-004  4.675573e-004  0.000000e+000  0.000000e+000  -4.775250e-004  -5.741264e-004  -6.129814e-004  -6.222300e-004  0.000000e+000  
6.936021e-004  7.015234e-004  6.775933e-004  5.296043e-004  3.546060e-004  -3.519367e-004  -5.369800e-004  -6.919049e-004  -7.174736e-004  -7.097796e-004  0.000000e+000  
8.038773e-004  8.446133e-004  9.605984e-004  5.641517e-004  2.575883e-004  -2.493906e-004  -5.693268e-004  -9.827101e-004  -8.635027e-004  -8.220143e-004  0.000000e+000  
9.391140e-004  1.003414e-003  1.433349e-003  5.644909e-004  1.474304e-004  -1.310683e-004  -5.651549e-004  -1.469760e-003  -1.025343e-003  -9.599190e-004  0.000000e+000  
0.000000e+000  -2.026081e-003  -3.760808e-003  -1.539346e-003  -3.564344e-004  4.136303e-004  1.631869e-003  3.935752e-003  2.132878e-003  0.000000e+000  0.000000e+000  
0.000000e+000  0.000000e+000  0.000000e+000  0.000000e+000  0.000000e+000  0.000000e+000  0.000000e+000  0.000000e+000  0.000000e+000  0.000000e+000  0.000000e+000  

