Port monitor named: Port1_e1[9.5].prt

nx        = 197
ny        = 127
nz        = 139

nu        = 11
nv        = 11
iu        = 43
iv        = 59

idir      = 2
dcut      = -6.295465e-002
icut      = 44
type      = 0
frequency = 9.500000e+009

fcutoff   = 0.000000e+000
alpha     = 0.000000e+000
beta      = 2.885149e+002
accuracy  = 1.479266e-011

type          = TEM
wave imp.     = 2.599861e+002
wave imp.sig. = 3.871158e-002
line imp.     = 4.895256e+001

ref. port     = 0

0.000000e+000  0.000000e+000  0.000000e+000  0.000000e+000  0.000000e+000  0.000000e+000  0.000000e+000  0.000000e+000  0.000000e+000  0.000000e+000  0.000000e+000  
0.000000e+000  0.000000e+000  -1.625491e+003  -1.422785e+003  -7.953794e+002  7.953682e+002  1.422847e+003  1.626286e+003  0.000000e+000  0.000000e+000  0.000000e+000  
0.000000e+000  -2.387650e+003  -2.510349e+003  -2.408367e+003  -1.610033e+003  1.610013e+003  2.408457e+003  2.510418e+003  2.387780e+003  0.000000e+000  0.000000e+000  
-2.837374e+003  -3.240860e+003  -3.776558e+003  -4.280858e+003  -3.757919e+003  3.757888e+003  4.280765e+003  3.776194e+003  3.240465e+003  2.836952e+003  0.000000e+000  
-2.881724e+003  -3.358729e+003  -3.990443e+003  -4.750442e+003  -6.198734e+003  6.198689e+003  4.750259e+003  3.989995e+003  3.358313e+003  2.881423e+003  0.000000e+000  
-3.133826e+003  -3.947568e+003  -5.244351e+003  -7.526105e+003  0.000000e+000  0.000000e+000  7.525490e+003  5.243390e+003  3.947043e+003  3.133680e+003  0.000000e+000  
-3.188398e+003  -3.942022e+003  -5.230165e+003  -7.566555e+003  0.000000e+000  0.000000e+000  7.565920e+003  5.229216e+003  3.941513e+003  3.188219e+003  0.000000e+000  
-2.844888e+003  -3.215372e+003  -3.700756e+003  -4.127849e+003  -3.901125e+003  3.901076e+003  4.127811e+003  3.700558e+003  3.215190e+003  2.843895e+003  0.000000e+000  
-2.769730e+003  -3.084868e+003  -3.483522e+003  -3.735037e+003  -3.197911e+003  3.197856e+003  3.735043e+003  3.483428e+003  3.084901e+003  2.770758e+003  0.000000e+000  
0.000000e+000  -1.903242e+003  -1.918327e+003  -1.717296e+003  -1.071887e+003  1.071792e+003  1.717181e+003  1.918747e+003  1.905105e+003  0.000000e+000  0.000000e+000  
0.000000e+000  0.000000e+000  0.000000e+000  0.000000e+000  0.000000e+000  0.000000e+000  0.000000e+000  0.000000e+000  0.000000e+000  0.000000e+000  0.000000e+000  

0.000000e+000  0.000000e+000  0.000000e+000  -2.468517e+003  -2.847338e+003  -3.278615e+003  -2.847358e+003  -2.467345e+003  0.000000e+000  0.000000e+000  0.000000e+000  
0.000000e+000  0.000000e+000  -2.116795e+003  -2.744474e+003  -3.468447e+003  -4.515863e+003  -3.468458e+003  -2.744197e+003  -2.116332e+003  0.000000e+000  0.000000e+000  
0.000000e+000  -1.300680e+003  -1.953196e+003  -2.883309e+003  -4.258770e+003  -7.020343e+003  -4.258784e+003  -2.882951e+003  -1.952814e+003  -1.300689e+003  0.000000e+000  
0.000000e+000  -9.933559e+002  -1.536769e+003  -2.483049e+003  -4.560593e+003  0.000000e+000  -4.560531e+003  -2.482623e+003  -1.536363e+003  -9.932364e+002  0.000000e+000  
0.000000e+000  -5.927424e+002  -9.953003e+002  -1.817929e+003  -3.638891e+003  0.000000e+000  -3.638865e+003  -1.817516e+003  -9.949208e+002  -5.925790e+002  0.000000e+000  
0.000000e+000  9.067954e+001  1.162267e+002  1.789713e+002  0.000000e+000  0.000000e+000  0.000000e+000  1.789528e+002  1.162336e+002  9.076508e+001  0.000000e+000  
0.000000e+000  7.236116e+002  1.220347e+003  2.223686e+003  4.479608e+003  0.000000e+000  4.479552e+003  2.223192e+003  1.219978e+003  7.236424e+002  0.000000e+000  
0.000000e+000  1.034762e+003  1.636388e+003  2.597451e+003  4.335312e+003  9.780836e+003  4.335267e+003  2.596960e+003  1.636005e+003  1.035584e+003  0.000000e+000  
0.000000e+000  1.360631e+003  2.057101e+003  2.868453e+003  3.914426e+003  5.843488e+003  3.914389e+003  2.867968e+003  2.056585e+003  1.360538e+003  0.000000e+000  
0.000000e+000  0.000000e+000  2.059052e+003  2.507679e+003  3.009009e+003  3.480908e+003  3.009120e+003  2.507339e+003  2.054782e+003  0.000000e+000  0.000000e+000  
0.000000e+000  0.000000e+000  0.000000e+000  0.000000e+000  0.000000e+000  0.000000e+000  0.000000e+000  0.000000e+000  0.000000e+000  0.000000e+000  0.000000e+000  

0.000000e+000  0.000000e+000  0.000000e+000  0.000000e+000  0.000000e+000  0.000000e+000  0.000000e+000  0.000000e+000  0.000000e+000  0.000000e+000  0.000000e+000  
0.000000e+000  0.000000e+000  0.000000e+000  0.000000e+000  0.000000e+000  0.000000e+000  0.000000e+000  0.000000e+000  0.000000e+000  0.000000e+000  0.000000e+000  
0.000000e+000  0.000000e+000  0.000000e+000  0.000000e+000  0.000000e+000  0.000000e+000  0.000000e+000  0.000000e+000  0.000000e+000  0.000000e+000  0.000000e+000  
0.000000e+000  0.000000e+000  0.000000e+000  0.000000e+000  0.000000e+000  0.000000e+000  0.000000e+000  0.000000e+000  0.000000e+000  0.000000e+000  0.000000e+000  
0.000000e+000  0.000000e+000  0.000000e+000  0.000000e+000  0.000000e+000  0.000000e+000  0.000000e+000  0.000000e+000  0.000000e+000  0.000000e+000  0.000000e+000  
0.000000e+000  0.000000e+000  0.000000e+000  0.000000e+000  0.000000e+000  0.000000e+000  0.000000e+000  0.000000e+000  0.000000e+000  0.000000e+000  0.000000e+000  
0.000000e+000  0.000000e+000  0.000000e+000  0.000000e+000  0.000000e+000  0.000000e+000  0.000000e+000  0.000000e+000  0.000000e+000  0.000000e+000  0.000000e+000  
0.000000e+000  0.000000e+000  0.000000e+000  0.000000e+000  0.000000e+000  0.000000e+000  0.000000e+000  0.000000e+000  0.000000e+000  0.000000e+000  0.000000e+000  
0.000000e+000  0.000000e+000  0.000000e+000  0.000000e+000  0.000000e+000  0.000000e+000  0.000000e+000  0.000000e+000  0.000000e+000  0.000000e+000  0.000000e+000  
0.000000e+000  0.000000e+000  0.000000e+000  0.000000e+000  0.000000e+000  0.000000e+000  0.000000e+000  0.000000e+000  0.000000e+000  0.000000e+000  0.000000e+000  
0.000000e+000  0.000000e+000  0.000000e+000  0.000000e+000  0.000000e+000  0.000000e+000  0.000000e+000  0.000000e+000  0.000000e+000  0.000000e+000  0.000000e+000  

0.000000e+000  0.000000e+000  0.000000e+000  0.000000e+000  0.000000e+000  0.000000e+000  0.000000e+000  0.000000e+000  0.000000e+000  0.000000e+000  0.000000e+000  
0.000000e+000  0.000000e+000  0.000000e+000  0.000000e+000  0.000000e+000  0.000000e+000  0.000000e+000  0.000000e+000  0.000000e+000  0.000000e+000  0.000000e+000  
0.000000e+000  0.000000e+000  0.000000e+000  0.000000e+000  0.000000e+000  0.000000e+000  0.000000e+000  0.000000e+000  0.000000e+000  0.000000e+000  0.000000e+000  
0.000000e+000  0.000000e+000  0.000000e+000  0.000000e+000  0.000000e+000  0.000000e+000  0.000000e+000  0.000000e+000  0.000000e+000  0.000000e+000  0.000000e+000  
0.000000e+000  0.000000e+000  0.000000e+000  0.000000e+000  0.000000e+000  0.000000e+000  0.000000e+000  0.000000e+000  0.000000e+000  0.000000e+000  0.000000e+000  
0.000000e+000  0.000000e+000  0.000000e+000  0.000000e+000  0.000000e+000  0.000000e+000  0.000000e+000  0.000000e+000  0.000000e+000  0.000000e+000  0.000000e+000  
0.000000e+000  0.000000e+000  0.000000e+000  0.000000e+000  0.000000e+000  0.000000e+000  0.000000e+000  0.000000e+000  0.000000e+000  0.000000e+000  0.000000e+000  
0.000000e+000  0.000000e+000  0.000000e+000  0.000000e+000  0.000000e+000  0.000000e+000  0.000000e+000  0.000000e+000  0.000000e+000  0.000000e+000  0.000000e+000  
0.000000e+000  0.000000e+000  0.000000e+000  0.000000e+000  0.000000e+000  0.000000e+000  0.000000e+000  0.000000e+000  0.000000e+000  0.000000e+000  0.000000e+000  
0.000000e+000  0.000000e+000  0.000000e+000  0.000000e+000  0.000000e+000  0.000000e+000  0.000000e+000  0.000000e+000  0.000000e+000  0.000000e+000  0.000000e+000  
0.000000e+000  0.000000e+000  0.000000e+000  0.000000e+000  0.000000e+000  0.000000e+000  0.000000e+000  0.000000e+000  0.000000e+000  0.000000e+000  0.000000e+000  

0.000000e+000  0.000000e+000  0.000000e+000  0.000000e+000  0.000000e+000  0.000000e+000  0.000000e+000  0.000000e+000  0.000000e+000  0.000000e+000  0.000000e+000  
0.000000e+000  0.000000e+000  0.000000e+000  0.000000e+000  0.000000e+000  0.000000e+000  0.000000e+000  0.000000e+000  0.000000e+000  0.000000e+000  0.000000e+000  
0.000000e+000  0.000000e+000  0.000000e+000  0.000000e+000  0.000000e+000  0.000000e+000  0.000000e+000  0.000000e+000  0.000000e+000  0.000000e+000  0.000000e+000  
0.000000e+000  0.000000e+000  0.000000e+000  0.000000e+000  0.000000e+000  0.000000e+000  0.000000e+000  0.000000e+000  0.000000e+000  0.000000e+000  0.000000e+000  
0.000000e+000  0.000000e+000  0.000000e+000  0.000000e+000  0.000000e+000  0.000000e+000  0.000000e+000  0.000000e+000  0.000000e+000  0.000000e+000  0.000000e+000  
0.000000e+000  0.000000e+000  0.000000e+000  0.000000e+000  0.000000e+000  0.000000e+000  0.000000e+000  0.000000e+000  0.000000e+000  0.000000e+000  0.000000e+000  
0.000000e+000  0.000000e+000  0.000000e+000  0.000000e+000  0.000000e+000  0.000000e+000  0.000000e+000  0.000000e+000  0.000000e+000  0.000000e+000  0.000000e+000  
0.000000e+000  0.000000e+000  0.000000e+000  0.000000e+000  0.000000e+000  0.000000e+000  0.000000e+000  0.000000e+000  0.000000e+000  0.000000e+000  0.000000e+000  
0.000000e+000  0.000000e+000  0.000000e+000  0.000000e+000  0.000000e+000  0.000000e+000  0.000000e+000  0.000000e+000  0.000000e+000  0.000000e+000  0.000000e+000  
0.000000e+000  0.000000e+000  0.000000e+000  0.000000e+000  0.000000e+000  0.000000e+000  0.000000e+000  0.000000e+000  0.000000e+000  0.000000e+000  0.000000e+000  
0.000000e+000  0.000000e+000  0.000000e+000  0.000000e+000  0.000000e+000  0.000000e+000  0.000000e+000  0.000000e+000  0.000000e+000  0.000000e+000  0.000000e+000  

0.000000e+000  0.000000e+000  0.000000e+000  0.000000e+000  0.000000e+000  0.000000e+000  0.000000e+000  0.000000e+000  0.000000e+000  0.000000e+000  0.000000e+000  
0.000000e+000  0.000000e+000  0.000000e+000  3.038260e-004  4.280077e-004  3.585243e-004  4.211778e-004  3.065271e-004  0.000000e+000  0.000000e+000  0.000000e+000  
0.000000e+000  0.000000e+000  1.268578e-003  1.659895e-003  1.239186e-003  5.847619e-004  1.261677e-003  1.722637e-003  1.338303e-003  0.000000e+000  0.000000e+000  
0.000000e+000  1.899728e-003  4.334808e-003  4.518504e-003  1.955117e-003  0.000000e+000  2.021550e-003  4.707714e-003  4.525390e-003  1.975726e-003  0.000000e+000  
0.000000e+000  2.374919e-003  5.225887e-003  5.494143e-003  1.900982e-003  0.000000e+000  1.960771e-003  5.717663e-003  5.450462e-003  2.470716e-003  0.000000e+000  
0.000000e+000  6.665217e-003  1.448750e-002  1.723448e-002  0.000000e+000  0.000000e+000  0.000000e+000  1.788159e-002  1.504234e-002  6.908934e-003  0.000000e+000  
0.000000e+000  7.279242e-003  1.678928e-002  2.292861e-002  0.000000e+000  0.000000e+000  0.000000e+000  2.377770e-002  1.742222e-002  7.543187e-003  0.000000e+000  
0.000000e+000  1.030281e-002  3.626349e-002  1.001059e-001  8.780464e-002  0.000000e+000  9.067867e-002  1.036782e-001  3.752924e-002  1.065891e-002  0.000000e+000  
0.000000e+000  9.286403e-003  3.161175e-002  1.266141e-001  1.062581e-001  2.909953e-002  1.097056e-001  1.311698e-001  3.269156e-002  9.598427e-003  0.000000e+000  
0.000000e+000  0.000000e+000  -1.578718e-001  5.926620e-001  2.997185e-001  1.705952e-001  3.093501e-001  6.149594e-001  -1.639110e-001  0.000000e+000  0.000000e+000  
0.000000e+000  0.000000e+000  0.000000e+000  0.000000e+000  0.000000e+000  0.000000e+000  0.000000e+000  0.000000e+000  0.000000e+000  0.000000e+000  0.000000e+000  

