matrixcalc_AMD64 @ MANUEL-W:  ----------
                              Infos #: 0
                              ----------

matrixcalc_AMD64 @ MANUEL-W:  -------------
                              WARNINGS #: 0
                              -------------

matrixcalc_AMD64 @ MANUEL-W:  -----------
                              ERRORS #: 0
                              -----------

matrixcalc_AMD64 @ MANUEL-W:  ----------
                              Infos #: 0
                              ----------

matrixcalc_AMD64 @ MANUEL-W:  -------------
                              WARNINGS #: 0
                              -------------

matrixcalc_AMD64 @ MANUEL-W:  -----------
                              ERRORS #: 0
                              -----------

matrixcalc_AMD64 @ MANUEL-W:  ----------
                              Infos #: 0
                              ----------

matrixcalc_AMD64 @ MANUEL-W:  -------------
                              WARNINGS #: 0
                              -------------

matrixcalc_AMD64 @ MANUEL-W:  -----------
                              ERRORS #: 0
                              -----------

matrixcalc_AMD64 @ MANUEL-W:  ----------
                              Infos #: 0
                              ----------

matrixcalc_AMD64 @ MANUEL-W:  -------------
                              WARNINGS #: 0
                              -------------

matrixcalc_AMD64 @ MANUEL-W:  -----------
                              ERRORS #: 0
                              -----------

matrixcalc_AMD64 @ MANUEL-W:  ----------
                              Infos #: 0
                              ----------

matrixcalc_AMD64 @ MANUEL-W:  -------------
                              WARNINGS #: 0
                              -------------

matrixcalc_AMD64 @ MANUEL-W:  -----------
                              ERRORS #: 0
                              -----------

