Defined reference frequency for open boundary condition (9.5 GHz) is larger
than the lowest relevant system frequency (monitor at 1 GHz).
Please check open boundary settings to ensure accurate monitor results for the
lowest frequency of interest.

--------------------------------------------------------------------------------
Build version: 2018.0 Release from 2017-10-26 (change 556462)

Starting adaptive port meshing.

--------------------------------------------------------------------------------
Mode calculation for port 1:

--------------------------------------------------------------------------------


--------------------------------------------------------------------------------


--------------------------------------------------------------------------------
Using generalized port mode solver.

--------------------------------------------------------------------------------
  -------------------------------- F-Calc 9.5 --------------------------------
  Port   Mode   Type        Z-Wave        Z-Wave-Sigma  Z-Line        F-Cutoff
  1      1      TEM         260           0.0101        51.8          0.0
  ----------------------------------------------------------------------------

Pass 1 successfully completed. 


--------------------------------------------------------------------------------


--------------------------------------------------------------------------------
  -------------------------------- F-Calc 9.5 --------------------------------
  Port   Mode   Type        Z-Wave        Z-Wave-Sigma  Z-Line        F-Cutoff
  1      1      TEM         260           0.178         49.2          0.0
  ----------------------------------------------------------------------------

Pass 2 successfully completed. Delta (Line Imp.): 5.15%


--------------------------------------------------------------------------------


--------------------------------------------------------------------------------
  -------------------------------- F-Calc 9.5 --------------------------------
  Port   Mode   Type        Z-Wave        Z-Wave-Sigma  Z-Line        F-Cutoff
  1      1      TEM         260           0.278         49.1          0.0
  ----------------------------------------------------------------------------

Pass 3 successfully completed. Delta (Line Imp.): 0.31%


--------------------------------------------------------------------------------


--------------------------------------------------------------------------------
  -------------------------------- F-Calc 9.5 --------------------------------
  Port   Mode   Type        Z-Wave        Z-Wave-Sigma  Z-Line        F-Cutoff
  1      1      TEM         260           0.0806        48.9          0.0
  ----------------------------------------------------------------------------

Pass 4 successfully completed. Delta (Line Imp.): 0.31%
Adaptive port meshing finished. 

--------------------------------------------------------------------------------

Solver started at: 03:01 AM Tuesday, 29. October 2019

  Module:  Time Domain: S-Parameter (Win 64)
  Version: 2018.0 Release from 2017-10-26 (change 556462)



--------------------------------------------------------------------------------


--------------------------------------------------------------------------------
======================================================================
 Solver cycle: 1
======================================================================

Stimulation at port 1 (mode 1) 



--------------------------------------------------------------------------------
Units settings: 

  Dimensions: mm
  Frequency:  GHz
  Time:       ns

--------------------------------------------------------------------------------
Mesh statistics:

   Hexahedral mesh type: PBA [accuracy enhancement is enabled]

   Parallelization type: domain decomposition
      Number of parallel working threads: 2
      Number of calculation domains used: 4

   Used point accuracy enhancement value: 72.00%.
   2019 Oct 26: 15:02:02: current system memory usage reached 55%
   2019 Oct 26: 15:03:15: current system memory usage reached 60%
   PBA fill limit: 85.00% (inverse)
   2019 Oct 26: 15:05:46: current system memory usage reached 60%
   2019 Oct 26: 12:06:12: current system memory usage reached 65%
   2019 Oct 26: 15:04:23: current system memory usage reached 60%
   2019 Oct 26: 12:07:55: current system memory usage reached 65%
   2019 Oct 29: 03:02:01: current system memory usage reached 55%
   2019 Oct 29: 03:02:16: current system memory usage reached 60%
   2019 Oct 29: 03:04:00: current system memory usage reached 65%
   2019 Oct 29: 03:02:02: current system memory usage reached 55%
   2019 Oct 29: 03:06:32: current system memory usage reached 60%
   2019 Oct 29: 03:05:04: current system memory usage reached 60%



--------------------------------------------------------------------------------
Using generalized port mode solver.

--------------------------------------------------------------------------------
Boundary conditions: 

  YZsymmetry: none
  XZsymmetry: none
  XYsymmetry: none

  Xmin: expanded open, 4 Layer, depth 6.32126 mm
  Xmax: expanded open, 4 Layer, depth 6.56833 mm

  Ymin: expanded open, 4 Layer, depth 5.78488 mm
  Ymax: expanded open, 4 Layer, depth 5.78488 mm

  Zmin: expanded open, 4 Layer, depth 5.77716 mm
  Zmax: expanded open, 4 Layer, depth 5.77703 mm

  PML-Type: Convolution PML

--------------------------------------------------------------------------------
Frequency settings: 

  Fmin:         1
  Fmax:         18
  Nfsteps(lin): 1001

--------------------------------------------------------------------------------
Waveguide boundaries:

Port: 1

  -------------------------------- F-Calc 9.5 --------------------------------
  Port   Mode   Type        Z-Wave        Z-Wave-Sigma  Z-Line        F-Cutoff
  1      1      TEM         260           0.00402       48.9          0.0
  ----------------------------------------------------------------------------

Field update statistics:

  Number of components in total: 	16262257
  Number of TST elements:		1438
  Number of lossy metal components:	219972

Subcycling state:      Automatically deactivated

--------------------------------------------------------------------------------


--------------------------------------------------------------------------------

--------------------------------------------------------------------------------
Steady state energy criterion met, solver finished successfully.

--------------------------------------------------------------------------------
Frequency domain results normalized to default signal.


--------------------------------------------------------------------------------

  ----------------------------------------------------------------------------
                      Peak memory used (kB)         Free physical memory (kB) 
                                                    At begin     Minimum      
  ----------------------------------------------------------------------------
  Matrices calc.      598440                        3069776      2259136      
  Solver run total    453820                        3108920      2259172      
  ----------------------------------------------------------------------------

--------------------------------------------------------------------------------
Solver Statistics:

  Hardware:
     Computer name:                 	Manuel-W 

     Number of CPU threads:             2
     Hardware info:                  	Hardware Accelerator Device not activated

  Number of mesh cells:             	2680832
  Excitation duration:              	4.18182206e-001 ns 
  Calculation time for excitation:  	132 	s
  Number of calculated pulse widths:	12.1053 
  Steady state accuracy limit:      	-40	dB 
  Simulated number of time steps:   	19296 
  Maximum number of time steps:     	31880 
  Time step width:
     without subcycles:             	2.62345114e-004 ns
     used:                          	2.62345114e-004 ns

  Matrix calculation time:          	389 	s
  Solver setup time:                	20 	s
  Solver loop time:                 	1616 	s
  Solver post processing time:      	2 	s
                                    	------------
  Total solver time:                	2027 	s  ( = 0 h, 33 m, 47 s )

--------------------------------------------------------------------------------

  Adaptive port meshing time:       	31     	s
  Total solver time (all cycles):   	2027   	s  ( = 0 h, 33 m, 47 s )
                                    	------------
  Total simulation time:            	2058   	s  ( = 0 h, 34 m, 18 s )

--------------------------------------------------------------------------------
Solver finished at: 03:35 AM Tuesday, 29. October 2019



--------------------------------------------------------------------------------
Creating parametric 1D results for Run ID 1

--------------------------------------------------------------------------------
