Port monitor named: Port1_e1[9.5].prt

nx        = 113
ny        = 137
nz        = 177

nu        = 11
nv        = 11
iu        = 38
iv        = 51

idir      = 1
dcut      = 8.978460e-002
icut      = 113
type      = 0
frequency = 9.500000e+009

fcutoff   = 0.000000e+000
alpha     = 0.000000e+000
beta      = 2.883637e+002
accuracy  = 9.369905e-014

type          = TEM
wave imp.     = 2.601147e+002
wave imp.sig. = 4.018209e-003
line imp.     = 4.891310e+001

ref. port     = 0

-0.000000e+000  -0.000000e+000  -0.000000e+000  -0.000000e+000  -0.000000e+000  -0.000000e+000  -0.000000e+000  -0.000000e+000  -0.000000e+000  -0.000000e+000  -0.000000e+000  
-0.000000e+000  -0.000000e+000  -0.000000e+000  -0.000000e+000  -0.000000e+000  -0.000000e+000  -0.000000e+000  -0.000000e+000  -0.000000e+000  -0.000000e+000  -0.000000e+000  
-0.000000e+000  -0.000000e+000  -1.857936e+003  -1.552324e+003  -9.576449e+002  9.721300e+002  1.514698e+003  1.833198e+003  -0.000000e+000  -0.000000e+000  -0.000000e+000  
-0.000000e+000  -2.579263e+003  -2.978365e+003  -3.003666e+003  -2.454920e+003  2.458203e+003  3.000394e+003  2.985114e+003  2.677443e+003  -0.000000e+000  -0.000000e+000  
-0.000000e+000  -2.897469e+003  -3.576613e+003  -4.167521e+003  -4.180166e+003  4.181132e+003  4.163608e+003  3.565093e+003  2.796078e+003  -0.000000e+000  -0.000000e+000  
-0.000000e+000  -3.408048e+003  -5.032859e+003  -8.579672e+003  -0.000000e+000  -0.000000e+000  8.579794e+003  5.032182e+003  3.407981e+003  -0.000000e+000  -0.000000e+000  
-0.000000e+000  -2.796218e+003  -3.565423e+003  -4.163713e+003  -4.181214e+003  4.180097e+003  4.167483e+003  3.576416e+003  2.896997e+003  -0.000000e+000  -0.000000e+000  
-0.000000e+000  -2.677818e+003  -2.985379e+003  -3.000564e+003  -2.458316e+003  2.454818e+003  3.003586e+003  2.978447e+003  2.580181e+003  -0.000000e+000  -0.000000e+000  
-0.000000e+000  -0.000000e+000  -1.833674e+003  -1.514954e+003  -9.722676e+002  9.574542e+002  1.551834e+003  1.857678e+003  -0.000000e+000  -0.000000e+000  -0.000000e+000  
-0.000000e+000  -0.000000e+000  -0.000000e+000  -0.000000e+000  -0.000000e+000  -0.000000e+000  -0.000000e+000  -0.000000e+000  -0.000000e+000  -0.000000e+000  -0.000000e+000  
-0.000000e+000  -0.000000e+000  -0.000000e+000  -0.000000e+000  -0.000000e+000  -0.000000e+000  -0.000000e+000  -0.000000e+000  -0.000000e+000  -0.000000e+000  -0.000000e+000  

-0.000000e+000  -0.000000e+000  -0.000000e+000  -0.000000e+000  -0.000000e+000  -0.000000e+000  -0.000000e+000  -0.000000e+000  -0.000000e+000  -0.000000e+000  -0.000000e+000  
-0.000000e+000  -0.000000e+000  -0.000000e+000  -2.710606e+003  -2.846990e+003  -3.458419e+003  -2.928600e+003  -2.610027e+003  -0.000000e+000  -0.000000e+000  -0.000000e+000  
-0.000000e+000  -0.000000e+000  -1.676657e+003  -3.017620e+003  -3.637857e+003  -5.250404e+003  -3.649973e+003  -3.015024e+003  -1.737294e+003  -0.000000e+000  -0.000000e+000  
-0.000000e+000  -0.000000e+000  -1.391835e+003  -2.994692e+003  -4.158537e+003  -8.506326e+003  -4.164400e+003  -3.001179e+003  -1.446533e+003  -0.000000e+000  -0.000000e+000  
-0.000000e+000  -0.000000e+000  -8.810320e+002  -2.429366e+003  -4.180157e+003  -0.000000e+000  -4.181142e+003  -2.428751e+003  -8.682871e+002  -0.000000e+000  -0.000000e+000  
-0.000000e+000  -0.000000e+000  8.687105e+002  2.428925e+003  4.181225e+003  -0.000000e+000  4.180088e+003  2.429234e+003  8.807992e+002  -0.000000e+000  -0.000000e+000  
-0.000000e+000  -0.000000e+000  1.447101e+003  3.001303e+003  4.164460e+003  8.506308e+003  4.158436e+003  2.994549e+003  1.391808e+003  -0.000000e+000  -0.000000e+000  
-0.000000e+000  -0.000000e+000  1.737315e+003  3.015066e+003  3.649978e+003  5.250379e+003  3.637734e+003  3.017322e+003  1.676033e+003  -0.000000e+000  -0.000000e+000  
-0.000000e+000  -0.000000e+000  -0.000000e+000  2.609673e+003  2.928448e+003  3.458443e+003  2.847260e+003  2.711295e+003  -0.000000e+000  -0.000000e+000  -0.000000e+000  
-0.000000e+000  -0.000000e+000  -0.000000e+000  -0.000000e+000  -0.000000e+000  -0.000000e+000  -0.000000e+000  -0.000000e+000  -0.000000e+000  -0.000000e+000  -0.000000e+000  
-0.000000e+000  -0.000000e+000  -0.000000e+000  -0.000000e+000  -0.000000e+000  -0.000000e+000  -0.000000e+000  -0.000000e+000  -0.000000e+000  -0.000000e+000  -0.000000e+000  

0.000000e+000  0.000000e+000  0.000000e+000  0.000000e+000  0.000000e+000  0.000000e+000  0.000000e+000  0.000000e+000  0.000000e+000  0.000000e+000  0.000000e+000  
0.000000e+000  0.000000e+000  0.000000e+000  0.000000e+000  0.000000e+000  0.000000e+000  0.000000e+000  0.000000e+000  0.000000e+000  0.000000e+000  0.000000e+000  
0.000000e+000  0.000000e+000  0.000000e+000  0.000000e+000  0.000000e+000  0.000000e+000  0.000000e+000  0.000000e+000  0.000000e+000  0.000000e+000  0.000000e+000  
0.000000e+000  0.000000e+000  0.000000e+000  0.000000e+000  0.000000e+000  0.000000e+000  0.000000e+000  0.000000e+000  0.000000e+000  0.000000e+000  0.000000e+000  
0.000000e+000  0.000000e+000  0.000000e+000  0.000000e+000  0.000000e+000  0.000000e+000  0.000000e+000  0.000000e+000  0.000000e+000  0.000000e+000  0.000000e+000  
0.000000e+000  0.000000e+000  0.000000e+000  0.000000e+000  0.000000e+000  0.000000e+000  0.000000e+000  0.000000e+000  0.000000e+000  0.000000e+000  0.000000e+000  
0.000000e+000  0.000000e+000  0.000000e+000  0.000000e+000  0.000000e+000  0.000000e+000  0.000000e+000  0.000000e+000  0.000000e+000  0.000000e+000  0.000000e+000  
0.000000e+000  0.000000e+000  0.000000e+000  0.000000e+000  0.000000e+000  0.000000e+000  0.000000e+000  0.000000e+000  0.000000e+000  0.000000e+000  0.000000e+000  
0.000000e+000  0.000000e+000  0.000000e+000  0.000000e+000  0.000000e+000  0.000000e+000  0.000000e+000  0.000000e+000  0.000000e+000  0.000000e+000  0.000000e+000  
0.000000e+000  0.000000e+000  0.000000e+000  0.000000e+000  0.000000e+000  0.000000e+000  0.000000e+000  0.000000e+000  0.000000e+000  0.000000e+000  0.000000e+000  
0.000000e+000  0.000000e+000  0.000000e+000  0.000000e+000  0.000000e+000  0.000000e+000  0.000000e+000  0.000000e+000  0.000000e+000  0.000000e+000  0.000000e+000  

0.000000e+000  0.000000e+000  0.000000e+000  0.000000e+000  0.000000e+000  0.000000e+000  0.000000e+000  0.000000e+000  0.000000e+000  0.000000e+000  0.000000e+000  
0.000000e+000  0.000000e+000  0.000000e+000  0.000000e+000  0.000000e+000  0.000000e+000  0.000000e+000  0.000000e+000  0.000000e+000  0.000000e+000  0.000000e+000  
0.000000e+000  0.000000e+000  0.000000e+000  0.000000e+000  0.000000e+000  0.000000e+000  0.000000e+000  0.000000e+000  0.000000e+000  0.000000e+000  0.000000e+000  
0.000000e+000  0.000000e+000  0.000000e+000  0.000000e+000  0.000000e+000  0.000000e+000  0.000000e+000  0.000000e+000  0.000000e+000  0.000000e+000  0.000000e+000  
0.000000e+000  0.000000e+000  0.000000e+000  0.000000e+000  0.000000e+000  0.000000e+000  0.000000e+000  0.000000e+000  0.000000e+000  0.000000e+000  0.000000e+000  
0.000000e+000  0.000000e+000  0.000000e+000  0.000000e+000  0.000000e+000  0.000000e+000  0.000000e+000  0.000000e+000  0.000000e+000  0.000000e+000  0.000000e+000  
0.000000e+000  0.000000e+000  0.000000e+000  0.000000e+000  0.000000e+000  0.000000e+000  0.000000e+000  0.000000e+000  0.000000e+000  0.000000e+000  0.000000e+000  
0.000000e+000  0.000000e+000  0.000000e+000  0.000000e+000  0.000000e+000  0.000000e+000  0.000000e+000  0.000000e+000  0.000000e+000  0.000000e+000  0.000000e+000  
0.000000e+000  0.000000e+000  0.000000e+000  0.000000e+000  0.000000e+000  0.000000e+000  0.000000e+000  0.000000e+000  0.000000e+000  0.000000e+000  0.000000e+000  
0.000000e+000  0.000000e+000  0.000000e+000  0.000000e+000  0.000000e+000  0.000000e+000  0.000000e+000  0.000000e+000  0.000000e+000  0.000000e+000  0.000000e+000  
0.000000e+000  0.000000e+000  0.000000e+000  0.000000e+000  0.000000e+000  0.000000e+000  0.000000e+000  0.000000e+000  0.000000e+000  0.000000e+000  0.000000e+000  

0.000000e+000  0.000000e+000  0.000000e+000  0.000000e+000  0.000000e+000  0.000000e+000  0.000000e+000  0.000000e+000  0.000000e+000  0.000000e+000  0.000000e+000  
0.000000e+000  0.000000e+000  0.000000e+000  0.000000e+000  0.000000e+000  0.000000e+000  0.000000e+000  0.000000e+000  0.000000e+000  0.000000e+000  0.000000e+000  
0.000000e+000  0.000000e+000  0.000000e+000  0.000000e+000  0.000000e+000  0.000000e+000  0.000000e+000  0.000000e+000  0.000000e+000  0.000000e+000  0.000000e+000  
0.000000e+000  0.000000e+000  0.000000e+000  0.000000e+000  0.000000e+000  0.000000e+000  0.000000e+000  0.000000e+000  0.000000e+000  0.000000e+000  0.000000e+000  
0.000000e+000  0.000000e+000  0.000000e+000  0.000000e+000  0.000000e+000  0.000000e+000  0.000000e+000  0.000000e+000  0.000000e+000  0.000000e+000  0.000000e+000  
0.000000e+000  0.000000e+000  0.000000e+000  0.000000e+000  0.000000e+000  0.000000e+000  0.000000e+000  0.000000e+000  0.000000e+000  0.000000e+000  0.000000e+000  
0.000000e+000  0.000000e+000  0.000000e+000  0.000000e+000  0.000000e+000  0.000000e+000  0.000000e+000  0.000000e+000  0.000000e+000  0.000000e+000  0.000000e+000  
0.000000e+000  0.000000e+000  0.000000e+000  0.000000e+000  0.000000e+000  0.000000e+000  0.000000e+000  0.000000e+000  0.000000e+000  0.000000e+000  0.000000e+000  
0.000000e+000  0.000000e+000  0.000000e+000  0.000000e+000  0.000000e+000  0.000000e+000  0.000000e+000  0.000000e+000  0.000000e+000  0.000000e+000  0.000000e+000  
0.000000e+000  0.000000e+000  0.000000e+000  0.000000e+000  0.000000e+000  0.000000e+000  0.000000e+000  0.000000e+000  0.000000e+000  0.000000e+000  0.000000e+000  
0.000000e+000  0.000000e+000  0.000000e+000  0.000000e+000  0.000000e+000  0.000000e+000  0.000000e+000  0.000000e+000  0.000000e+000  0.000000e+000  0.000000e+000  

-0.000000e+000  -0.000000e+000  -0.000000e+000  -0.000000e+000  -0.000000e+000  -0.000000e+000  -0.000000e+000  -0.000000e+000  -0.000000e+000  -0.000000e+000  -0.000000e+000  
-0.000000e+000  -0.000000e+000  -0.000000e+000  -0.000000e+000  -0.000000e+000  -0.000000e+000  -0.000000e+000  -0.000000e+000  -0.000000e+000  -0.000000e+000  -0.000000e+000  
-0.000000e+000  -0.000000e+000  -0.000000e+000  2.577330e+000  1.273786e+000  3.043679e-001  2.709164e-002  3.744200e-002  -0.000000e+000  -0.000000e+000  -0.000000e+000  
-0.000000e+000  -0.000000e+000  5.627438e-002  3.200827e-001  -4.682362e-002  1.802463e-002  -3.136462e-001  1.773518e-001  2.607203e+000  -0.000000e+000  -0.000000e+000  
-0.000000e+000  -0.000000e+000  5.100280e-002  -2.221071e-001  -9.837413e-001  -0.000000e+000  -1.050026e+000  -1.398826e-001  1.250221e+000  -0.000000e+000  -0.000000e+000  
-0.000000e+000  -0.000000e+000  2.940138e-001  1.928373e-003  -0.000000e+000  -0.000000e+000  -0.000000e+000  4.278507e-003  2.972081e-001  -0.000000e+000  -0.000000e+000  
-0.000000e+000  -0.000000e+000  1.241302e+000  -1.434715e-001  -1.051886e+000  -0.000000e+000  -9.768603e-001  -2.138718e-001  5.387290e-002  -0.000000e+000  -0.000000e+000  
-0.000000e+000  -0.000000e+000  2.590131e+000  1.734404e-001  -3.152037e-001  2.057901e-002  -3.587706e-002  3.337113e-001  5.892273e-002  -0.000000e+000  -0.000000e+000  
-0.000000e+000  -0.000000e+000  -0.000000e+000  3.719904e-002  2.784481e-002  3.102656e-001  1.295685e+000  2.617599e+000  -0.000000e+000  -0.000000e+000  -0.000000e+000  
-0.000000e+000  -0.000000e+000  -0.000000e+000  -0.000000e+000  -0.000000e+000  -0.000000e+000  -0.000000e+000  -0.000000e+000  -0.000000e+000  -0.000000e+000  -0.000000e+000  
-0.000000e+000  -0.000000e+000  -0.000000e+000  -0.000000e+000  -0.000000e+000  -0.000000e+000  -0.000000e+000  -0.000000e+000  -0.000000e+000  -0.000000e+000  -0.000000e+000  

