Port monitor named: Port1_h1[9.5].prt

nx        = 113
ny        = 137
nz        = 177

nu        = 11
nv        = 11
iu        = 38
iv        = 51

idir      = 1
dcut      = 8.978460e-002
icut      = 113
type      = 1
frequency = 9.500000e+009

fcutoff   = 0.000000e+000
alpha     = 0.000000e+000
beta      = 2.883637e+002
accuracy  = 9.369905e-014

type          = TEM
wave imp.     = 2.601147e+002
wave imp.sig. = 4.018209e-003
line imp.     = 4.891310e+001

ref. port     = 0

-0.000000e+000  -0.000000e+000  -0.000000e+000  -0.000000e+000  -0.000000e+000  -0.000000e+000  -0.000000e+000  -0.000000e+000  -0.000000e+000  -0.000000e+000  -0.000000e+000  
-0.000000e+000  -0.000000e+000  -0.000000e+000  1.032664e+001  1.090988e+001  1.328843e+001  1.125790e+001  1.003264e+001  -0.000000e+000  -0.000000e+000  -0.000000e+000  
-0.000000e+000  -0.000000e+000  6.444069e+000  1.165234e+001  1.401543e+001  2.019112e+001  1.403968e+001  1.158773e+001  6.598827e+000  -0.000000e+000  -0.000000e+000  
-0.000000e+000  -0.000000e+000  5.351033e+000  1.154167e+001  1.603699e+001  3.270258e+001  1.604884e+001  1.155462e+001  5.633397e+000  -0.000000e+000  -0.000000e+000  
-0.000000e+000  -0.000000e+000  3.381887e+000  9.334685e+000  1.604933e+001  -0.000000e+000  1.605171e+001  9.334013e+000  3.358200e+000  -0.000000e+000  -0.000000e+000  
-0.000000e+000  -0.000000e+000  -3.359706e+000  -9.334654e+000  -1.605199e+001  -0.000000e+000  -1.604921e+001  -9.334303e+000  -3.380985e+000  -0.000000e+000  -0.000000e+000  
-0.000000e+000  -0.000000e+000  -5.635145e+000  -1.155508e+001  -1.604909e+001  -3.270265e+001  -1.603682e+001  -1.154141e+001  -5.350920e+000  -0.000000e+000  -0.000000e+000  
-0.000000e+000  -0.000000e+000  -6.599488e+000  -1.158798e+001  -1.403975e+001  -2.019110e+001  -1.401521e+001  -1.165180e+001  -6.441593e+000  -0.000000e+000  -0.000000e+000  
-0.000000e+000  -0.000000e+000  -0.000000e+000  -1.003129e+001  -1.125730e+001  -1.328838e+001  -1.091032e+001  -1.032782e+001  -0.000000e+000  -0.000000e+000  -0.000000e+000  
-0.000000e+000  -0.000000e+000  -0.000000e+000  -0.000000e+000  -0.000000e+000  -0.000000e+000  -0.000000e+000  -0.000000e+000  -0.000000e+000  -0.000000e+000  -0.000000e+000  
-0.000000e+000  -0.000000e+000  -0.000000e+000  -0.000000e+000  -0.000000e+000  -0.000000e+000  -0.000000e+000  -0.000000e+000  -0.000000e+000  -0.000000e+000  -0.000000e+000  

-0.000000e+000  -0.000000e+000  -0.000000e+000  -0.000000e+000  -0.000000e+000  -0.000000e+000  -0.000000e+000  -0.000000e+000  -0.000000e+000  -0.000000e+000  -0.000000e+000  
-0.000000e+000  -0.000000e+000  -0.000000e+000  -0.000000e+000  -0.000000e+000  -0.000000e+000  -0.000000e+000  -0.000000e+000  -0.000000e+000  -0.000000e+000  -0.000000e+000  
-0.000000e+000  -0.000000e+000  -7.078219e+000  -6.037249e+000  -3.702073e+000  3.731378e+000  5.823639e+000  7.046600e+000  -0.000000e+000  -0.000000e+000  -0.000000e+000  
-0.000000e+000  -9.913146e+000  -1.144474e+001  -1.156682e+001  -9.436291e+000  9.443269e+000  1.156086e+001  1.152428e+001  1.016983e+001  -0.000000e+000  -0.000000e+000  
-0.000000e+000  -1.113722e+001  -1.375533e+001  -1.606218e+001  -1.604937e+001  1.605167e+001  1.605506e+001  1.373326e+001  1.070747e+001  -0.000000e+000  -0.000000e+000  
-0.000000e+000  -1.309383e+001  -1.935408e+001  -3.298370e+001  -0.000000e+000  -0.000000e+000  3.298429e+001  1.935149e+001  1.309348e+001  -0.000000e+000  -0.000000e+000  
-0.000000e+000  -1.070833e+001  -1.373443e+001  -1.605537e+001  -1.605195e+001  1.604925e+001  1.606211e+001  1.375446e+001  1.113531e+001  -0.000000e+000  -0.000000e+000  
-0.000000e+000  -1.017214e+001  -1.152505e+001  -1.156139e+001  -9.443614e+000  9.436078e+000  1.156666e+001  1.144484e+001  9.916554e+000  -0.000000e+000  -0.000000e+000  
-0.000000e+000  -0.000000e+000  -7.048438e+000  -5.824569e+000  -3.731797e+000  3.701678e+000  6.036348e+000  7.076245e+000  -0.000000e+000  -0.000000e+000  -0.000000e+000  
-0.000000e+000  -0.000000e+000  -0.000000e+000  -0.000000e+000  -0.000000e+000  -0.000000e+000  -0.000000e+000  -0.000000e+000  -0.000000e+000  -0.000000e+000  -0.000000e+000  
-0.000000e+000  -0.000000e+000  -0.000000e+000  -0.000000e+000  -0.000000e+000  -0.000000e+000  -0.000000e+000  -0.000000e+000  -0.000000e+000  -0.000000e+000  -0.000000e+000  

0.000000e+000  0.000000e+000  0.000000e+000  0.000000e+000  0.000000e+000  0.000000e+000  0.000000e+000  0.000000e+000  0.000000e+000  0.000000e+000  0.000000e+000  
0.000000e+000  0.000000e+000  0.000000e+000  0.000000e+000  0.000000e+000  0.000000e+000  0.000000e+000  0.000000e+000  0.000000e+000  0.000000e+000  0.000000e+000  
0.000000e+000  0.000000e+000  0.000000e+000  0.000000e+000  0.000000e+000  0.000000e+000  0.000000e+000  0.000000e+000  0.000000e+000  0.000000e+000  0.000000e+000  
0.000000e+000  0.000000e+000  0.000000e+000  0.000000e+000  0.000000e+000  0.000000e+000  0.000000e+000  0.000000e+000  0.000000e+000  0.000000e+000  0.000000e+000  
0.000000e+000  0.000000e+000  0.000000e+000  0.000000e+000  0.000000e+000  0.000000e+000  0.000000e+000  0.000000e+000  0.000000e+000  0.000000e+000  0.000000e+000  
0.000000e+000  0.000000e+000  0.000000e+000  0.000000e+000  0.000000e+000  0.000000e+000  0.000000e+000  0.000000e+000  0.000000e+000  0.000000e+000  0.000000e+000  
0.000000e+000  0.000000e+000  0.000000e+000  0.000000e+000  0.000000e+000  0.000000e+000  0.000000e+000  0.000000e+000  0.000000e+000  0.000000e+000  0.000000e+000  
0.000000e+000  0.000000e+000  0.000000e+000  0.000000e+000  0.000000e+000  0.000000e+000  0.000000e+000  0.000000e+000  0.000000e+000  0.000000e+000  0.000000e+000  
0.000000e+000  0.000000e+000  0.000000e+000  0.000000e+000  0.000000e+000  0.000000e+000  0.000000e+000  0.000000e+000  0.000000e+000  0.000000e+000  0.000000e+000  
0.000000e+000  0.000000e+000  0.000000e+000  0.000000e+000  0.000000e+000  0.000000e+000  0.000000e+000  0.000000e+000  0.000000e+000  0.000000e+000  0.000000e+000  
0.000000e+000  0.000000e+000  0.000000e+000  0.000000e+000  0.000000e+000  0.000000e+000  0.000000e+000  0.000000e+000  0.000000e+000  0.000000e+000  0.000000e+000  

0.000000e+000  0.000000e+000  0.000000e+000  0.000000e+000  0.000000e+000  0.000000e+000  0.000000e+000  0.000000e+000  0.000000e+000  0.000000e+000  0.000000e+000  
0.000000e+000  0.000000e+000  0.000000e+000  0.000000e+000  0.000000e+000  0.000000e+000  0.000000e+000  0.000000e+000  0.000000e+000  0.000000e+000  0.000000e+000  
0.000000e+000  0.000000e+000  0.000000e+000  0.000000e+000  0.000000e+000  0.000000e+000  0.000000e+000  0.000000e+000  0.000000e+000  0.000000e+000  0.000000e+000  
0.000000e+000  0.000000e+000  0.000000e+000  0.000000e+000  0.000000e+000  0.000000e+000  0.000000e+000  0.000000e+000  0.000000e+000  0.000000e+000  0.000000e+000  
0.000000e+000  0.000000e+000  0.000000e+000  0.000000e+000  0.000000e+000  0.000000e+000  0.000000e+000  0.000000e+000  0.000000e+000  0.000000e+000  0.000000e+000  
0.000000e+000  0.000000e+000  0.000000e+000  0.000000e+000  0.000000e+000  0.000000e+000  0.000000e+000  0.000000e+000  0.000000e+000  0.000000e+000  0.000000e+000  
0.000000e+000  0.000000e+000  0.000000e+000  0.000000e+000  0.000000e+000  0.000000e+000  0.000000e+000  0.000000e+000  0.000000e+000  0.000000e+000  0.000000e+000  
0.000000e+000  0.000000e+000  0.000000e+000  0.000000e+000  0.000000e+000  0.000000e+000  0.000000e+000  0.000000e+000  0.000000e+000  0.000000e+000  0.000000e+000  
0.000000e+000  0.000000e+000  0.000000e+000  0.000000e+000  0.000000e+000  0.000000e+000  0.000000e+000  0.000000e+000  0.000000e+000  0.000000e+000  0.000000e+000  
0.000000e+000  0.000000e+000  0.000000e+000  0.000000e+000  0.000000e+000  0.000000e+000  0.000000e+000  0.000000e+000  0.000000e+000  0.000000e+000  0.000000e+000  
0.000000e+000  0.000000e+000  0.000000e+000  0.000000e+000  0.000000e+000  0.000000e+000  0.000000e+000  0.000000e+000  0.000000e+000  0.000000e+000  0.000000e+000  

0.000000e+000  0.000000e+000  0.000000e+000  0.000000e+000  0.000000e+000  0.000000e+000  0.000000e+000  0.000000e+000  0.000000e+000  0.000000e+000  0.000000e+000  
0.000000e+000  0.000000e+000  0.000000e+000  0.000000e+000  0.000000e+000  0.000000e+000  0.000000e+000  0.000000e+000  0.000000e+000  0.000000e+000  0.000000e+000  
0.000000e+000  0.000000e+000  0.000000e+000  0.000000e+000  0.000000e+000  0.000000e+000  0.000000e+000  0.000000e+000  0.000000e+000  0.000000e+000  0.000000e+000  
0.000000e+000  0.000000e+000  0.000000e+000  0.000000e+000  0.000000e+000  0.000000e+000  0.000000e+000  0.000000e+000  0.000000e+000  0.000000e+000  0.000000e+000  
0.000000e+000  0.000000e+000  0.000000e+000  0.000000e+000  0.000000e+000  0.000000e+000  0.000000e+000  0.000000e+000  0.000000e+000  0.000000e+000  0.000000e+000  
0.000000e+000  0.000000e+000  0.000000e+000  0.000000e+000  0.000000e+000  0.000000e+000  0.000000e+000  0.000000e+000  0.000000e+000  0.000000e+000  0.000000e+000  
0.000000e+000  0.000000e+000  0.000000e+000  0.000000e+000  0.000000e+000  0.000000e+000  0.000000e+000  0.000000e+000  0.000000e+000  0.000000e+000  0.000000e+000  
0.000000e+000  0.000000e+000  0.000000e+000  0.000000e+000  0.000000e+000  0.000000e+000  0.000000e+000  0.000000e+000  0.000000e+000  0.000000e+000  0.000000e+000  
0.000000e+000  0.000000e+000  0.000000e+000  0.000000e+000  0.000000e+000  0.000000e+000  0.000000e+000  0.000000e+000  0.000000e+000  0.000000e+000  0.000000e+000  
0.000000e+000  0.000000e+000  0.000000e+000  0.000000e+000  0.000000e+000  0.000000e+000  0.000000e+000  0.000000e+000  0.000000e+000  0.000000e+000  0.000000e+000  
0.000000e+000  0.000000e+000  0.000000e+000  0.000000e+000  0.000000e+000  0.000000e+000  0.000000e+000  0.000000e+000  0.000000e+000  0.000000e+000  0.000000e+000  

-0.000000e+000  -0.000000e+000  -0.000000e+000  -0.000000e+000  -0.000000e+000  -0.000000e+000  -0.000000e+000  -0.000000e+000  -0.000000e+000  -0.000000e+000  -0.000000e+000  
-0.000000e+000  -0.000000e+000  -0.000000e+000  1.084629e-002  4.815574e-003  7.764890e-004  -9.498238e-004  -0.000000e+000  -0.000000e+000  -0.000000e+000  -0.000000e+000  
-0.000000e+000  -0.000000e+000  -4.800919e-003  2.674629e-004  2.062955e-003  -9.320353e-004  -1.976585e-003  -4.152696e-003  -0.000000e+000  -0.000000e+000  -0.000000e+000  
-0.000000e+000  -1.615769e-003  -2.597381e-003  -5.033438e-004  3.523444e-003  -3.074032e-003  -4.073679e-004  9.207077e-005  1.122983e-002  -0.000000e+000  -0.000000e+000  
-0.000000e+000  2.206186e-004  -1.298236e-003  -3.339146e-003  8.553670e-004  9.441009e-004  3.435444e-003  1.618669e-003  4.378790e-003  -0.000000e+000  -0.000000e+000  
-0.000000e+000  4.392081e-003  1.652708e-003  3.472661e-003  9.862068e-004  8.591827e-004  -3.353692e-003  -1.328918e-003  1.909217e-004  -0.000000e+000  -0.000000e+000  
-0.000000e+000  1.120248e-002  1.384882e-004  -3.583916e-004  -3.027068e-003  3.545647e-003  -5.087051e-004  -2.641645e-003  -1.658058e-003  -0.000000e+000  -0.000000e+000  
-0.000000e+000  -0.000000e+000  -4.076866e-003  -1.912407e-003  -8.745361e-004  2.106593e-003  2.793620e-004  -4.871235e-003  -0.000000e+000  -0.000000e+000  -0.000000e+000  
-0.000000e+000  -0.000000e+000  -0.000000e+000  -8.764959e-004  8.524550e-004  4.916475e-003  1.102380e-002  -0.000000e+000  -0.000000e+000  -0.000000e+000  -0.000000e+000  
-0.000000e+000  -0.000000e+000  -0.000000e+000  -0.000000e+000  -0.000000e+000  -0.000000e+000  -0.000000e+000  -0.000000e+000  -0.000000e+000  -0.000000e+000  -0.000000e+000  
-0.000000e+000  -0.000000e+000  -0.000000e+000  -0.000000e+000  -0.000000e+000  -0.000000e+000  -0.000000e+000  -0.000000e+000  -0.000000e+000  -0.000000e+000  -0.000000e+000  

